13/02/2018 10:06:47 pm - IMG CRON - Image: 485, Task: 1, Done
13/02/2018 10:06:51 pm - IMG CRON - Image: 466, Task: 2, Done
13/02/2018 10:06:56 pm - IMG CRON - Image: 464, Task: 3, Done
13/02/2018 10:06:59 pm - IMG CRON - Image: 463, Task: 4, Done
13/02/2018 10:12:49 pm - IMG CRON - Image: 14, Task: 100, Done
13/02/2018 10:12:57 pm - IMG CRON - Image: 8, Task: 101, Done
13/02/2018 10:13:06 pm - IMG CRON - Image: 93, Task: 80, Done
13/02/2018 10:13:09 pm - IMG CRON - Image: 92, Task: 81, Done
13/02/2018 10:17:19 pm - IMG CRON - Image: 91, Task: 82, Done
13/02/2018 10:17:19 pm - IMG CRON - Image: 61, Task: 83, Done
13/02/2018 10:17:21 pm - IMG CRON - Image: 59, Task: 84, Done
13/02/2018 10:17:22 pm - IMG CRON - Image: 60, Task: 85, Done
13/02/2018 10:21:26 pm - IMG CRON - Image: 58, Task: 86, Done
13/02/2018 10:21:26 pm - IMG CRON - Image: 56, Task: 87, Done
13/02/2018 10:21:27 pm - IMG CRON - Image: 57, Task: 88, Done
13/02/2018 10:21:30 pm - IMG CRON - Image: 49, Task: 89, Done
13/02/2018 10:27:00 pm - IMG CRON - Image: 47, Task: 90, Done
13/02/2018 10:27:03 pm - IMG CRON - Image: 45, Task: 91, Done
13/02/2018 10:27:06 pm - IMG CRON - Image: 43, Task: 92, Done
13/02/2018 10:27:09 pm - IMG CRON - Image: 41, Task: 93, Done
13/02/2018 10:32:59 pm - IMG CRON - Image: 39, Task: 94, Done
13/02/2018 10:33:02 pm - IMG CRON - Image: 37, Task: 95, Done
13/02/2018 10:33:04 pm - IMG CRON - Image: 34, Task: 96, Done
13/02/2018 10:33:08 pm - IMG CRON - Image: 23, Task: 97, Done
13/02/2018 10:43:13 pm - IMG CRON - Image: 20, Task: 98, Done
13/02/2018 10:43:17 pm - IMG CRON - Image: 17, Task: 99, Done
13/02/2018 10:43:18 pm - IMG CRON - Image: 131, Task: 60, Done
13/02/2018 10:43:22 pm - IMG CRON - Image: 129, Task: 61, Done
13/02/2018 10:48:50 pm - IMG CRON - Image: 128, Task: 62, Done
13/02/2018 10:48:53 pm - IMG CRON - Image: 126, Task: 63, Done
13/02/2018 10:48:56 pm - IMG CRON - Image: 125, Task: 64, Done
13/02/2018 10:49:00 pm - IMG CRON - Image: 124, Task: 65, Done
13/02/2018 11:14:31 pm - IMG CRON - Image: 122, Task: 66, Done
13/02/2018 11:14:35 pm - IMG CRON - Image: 121, Task: 67, Done
13/02/2018 11:14:58 pm - IMG CRON - Image: 119, Task: 68, Done
13/02/2018 11:16:44 pm - IMG CRON - Image: 118, Task: 69, Done
13/02/2018 11:16:49 pm - IMG CRON - Image: 117, Task: 70, Done
13/02/2018 11:16:52 pm - IMG CRON - Image: 116, Task: 71, Done
13/02/2018 11:16:55 pm - IMG CRON - Image: 110, Task: 72, Done
13/02/2018 11:28:48 pm - IMG CRON - Image: 100, Task: 73, Done
13/02/2018 11:28:52 pm - IMG CRON - Image: 99, Task: 74, Done
13/02/2018 11:28:56 pm - IMG CRON - Image: 98, Task: 75, Done
13/02/2018 11:29:00 pm - IMG CRON - Image: 97, Task: 76, Done
13/02/2018 11:33:09 pm - IMG CRON - Image: 96, Task: 77, Done
13/02/2018 11:33:13 pm - IMG CRON - Image: 95, Task: 78, Done
13/02/2018 11:33:17 pm - IMG CRON - Image: 94, Task: 79, Done
13/02/2018 11:33:18 pm - IMG CRON - Image: 166, Task: 40, Done
13/02/2018 11:36:21 pm - IMG CRON - Image: 165, Task: 41, Done
13/02/2018 11:36:22 pm - IMG CRON - Image: 163, Task: 42, Done
13/02/2018 11:36:28 pm - IMG CRON - Image: 156, Task: 43, Done
13/02/2018 11:36:30 pm - IMG CRON - Image: 155, Task: 44, Done
14/02/2018 12:18:24 am - IMG CRON - Image: 153, Task: 45, Done
14/02/2018 12:18:26 am - IMG CRON - Image: 152, Task: 46, Done
14/02/2018 12:18:27 am - IMG CRON - Image: 151, Task: 47, Done
14/02/2018 12:18:33 am - IMG CRON - Image: 150, Task: 48, Done
14/02/2018 12:47:21 am - IMG CRON - Image: 148, Task: 49, Done
14/02/2018 12:47:24 am - IMG CRON - Image: 147, Task: 50, Done
14/02/2018 12:47:26 am - IMG CRON - Image: 146, Task: 51, Done
14/02/2018 12:47:27 am - IMG CRON - Image: 144, Task: 52, Done
14/02/2018 12:59:20 am - IMG CRON - Image: 143, Task: 53, Done
14/02/2018 12:59:21 am - IMG CRON - Image: 140, Task: 54, Done
14/02/2018 12:59:23 am - IMG CRON - Image: 139, Task: 55, Done
14/02/2018 12:59:24 am - IMG CRON - Image: 138, Task: 56, Done
14/02/2018 01:16:08 am - IMG CRON - Image: 136, Task: 57, Done
14/02/2018 01:16:11 am - IMG CRON - Image: 133, Task: 58, Done
14/02/2018 01:16:14 am - IMG CRON - Image: 132, Task: 59, Done
14/02/2018 01:16:18 am - IMG CRON - Image: 293, Task: 20, Done
14/02/2018 01:17:12 am - IMG CRON - Image: 292, Task: 21, Done
14/02/2018 01:17:16 am - IMG CRON - Image: 289, Task: 22, Done
14/02/2018 01:17:21 am - IMG CRON - Image: 285, Task: 23, Done
14/02/2018 01:17:25 am - IMG CRON - Image: 275, Task: 24, Done
14/02/2018 02:01:35 am - IMG CRON - Image: 274, Task: 25, Done
14/02/2018 02:01:38 am - IMG CRON - Image: 243, Task: 26, Done
14/02/2018 02:01:41 am - IMG CRON - Image: 221, Task: 27, Done
14/02/2018 02:01:44 am - IMG CRON - Image: 213, Task: 28, Done
14/02/2018 02:22:46 am - IMG CRON - Image: 209, Task: 29, Done
14/02/2018 02:22:59 am - IMG CRON - Image: 205, Task: 30, Done
14/02/2018 02:23:00 am - IMG CRON - Image: 203, Task: 31, Done
14/02/2018 02:23:04 am - IMG CRON - Image: 200, Task: 32, Done
14/02/2018 02:28:28 am - IMG CRON - Image: 197, Task: 33, Done
14/02/2018 02:28:31 am - IMG CRON - Image: 196, Task: 34, Done
14/02/2018 02:28:34 am - IMG CRON - Image: 195, Task: 35, Done
14/02/2018 02:28:35 am - IMG CRON - Image: 193, Task: 36, Done
14/02/2018 02:33:12 am - IMG CRON - Image: 192, Task: 37, Done
14/02/2018 02:33:14 am - IMG CRON - Image: 169, Task: 38, Done
14/02/2018 02:33:16 am - IMG CRON - Image: 167, Task: 39, Done
14/02/2018 02:33:21 am - IMG CRON - Image: 450, Task: 5, Done
14/02/2018 02:36:27 am - IMG CRON - Image: 442, Task: 6, Done
14/02/2018 02:36:31 am - IMG CRON - Image: 438, Task: 7, Done
14/02/2018 02:36:36 am - IMG CRON - Image: 437, Task: 8, Done
14/02/2018 02:36:40 am - IMG CRON - Image: 436, Task: 9, Done
14/02/2018 02:41:22 am - IMG CRON - Image: 433, Task: 10, Done
14/02/2018 02:41:26 am - IMG CRON - Image: 403, Task: 11, Done
14/02/2018 02:41:30 am - IMG CRON - Image: 369, Task: 12, Done
14/02/2018 02:41:34 am - IMG CRON - Image: 347, Task: 13, Done
14/02/2018 02:46:44 am - IMG CRON - Image: 325, Task: 14, Done
14/02/2018 02:46:48 am - IMG CRON - Image: 324, Task: 15, Done
14/02/2018 02:46:55 am - IMG CRON - Image: 320, Task: 16, Done
14/02/2018 02:47:01 am - IMG CRON - Image: 299, Task: 17, Done
14/02/2018 02:51:43 am - IMG CRON - Image: 295, Task: 18, Done
14/02/2018 02:51:47 am - IMG CRON - Image: 294, Task: 19, Done
12/03/2018 02:10:52 pm - IMG CRON - Image: 579, Task: 102, Fail, Array
(
)

13/03/2018 03:25:57 pm - IMG CRON - Image: 586, Task: 106, Done
13/03/2018 03:26:00 pm - IMG CRON - Image: 585, Task: 105, Done
13/03/2018 03:26:03 pm - IMG CRON - Image: 584, Task: 104, Done
13/03/2018 03:26:06 pm - IMG CRON - Image: 583, Task: 103, Done
16/04/2018 03:45:39 am - IMG CRON - Image: 608, Task: 108, Done
16/04/2018 03:45:43 am - IMG CRON - Image: 607, Task: 107, Done
16/04/2018 03:55:56 am - IMG CRON - Image: 612, Task: 109, Done
16/04/2018 04:00:48 am - IMG CRON - Image: 617, Task: 112, Done
16/04/2018 04:00:53 am - IMG CRON - Image: 616, Task: 111, Done
16/04/2018 04:00:53 am - IMG CRON - Image: 615, Task: 110, Fail, 0
08/05/2018 10:52:13 pm - IMG CRON - Image: 645, Task: 113, Fail, Array
(
)

08/05/2018 11:26:13 pm - IMG CRON - Image: 647, Task: 115, Done
08/05/2018 11:26:13 pm - IMG CRON - Image: 646, Task: 114, Fail, 0
08/05/2018 11:50:50 pm - IMG CRON - Image: 653, Task: 116, Done
